  isinghelpers.cpp
c:\github\surf\isingsimulation\isingcore\lattices.h(48): warning C4100: 'j': unreferenced formal parameter
c:\github\surf\isingsimulation\isingcore\lattices.h(48): warning C4100: 'i': unreferenced formal parameter
c:\github\surf\isingsimulation\isingcore\lattices.h(127): warning C4250: 'ising::RectangularLatticeFast': inherits 'ising::RectangularLattice::ising::RectangularLattice::findDistance' via dominance
  c:\github\surf\isingsimulation\isingcore\lattices.h(108): note: see declaration of 'ising::RectangularLattice::findDistance'
c:\github\surf\isingsimulation\isingcore\lattices.h(152): warning C4250: 'ising::SquareLatticeFast': inherits 'ising::RectangularLattice::ising::RectangularLattice::findDistance' via dominance
  c:\github\surf\isingsimulation\isingcore\lattices.h(108): note: see declaration of 'ising::RectangularLattice::findDistance'
c:\github\surf\isingsimulation\isingcore\lattices.h(185): warning C4250: 'ising::TriangularLatticeFast': inherits 'ising::TriangularLattice::ising::TriangularLattice::findDistance' via dominance
  c:\github\surf\isingsimulation\isingcore\lattices.h(166): note: see declaration of 'ising::TriangularLattice::findDistance'
c:\github\surf\isingsimulation\isingcore\lattices.h(212): warning C4250: 'ising::STriangularLatticeFast': inherits 'ising::TriangularLattice::ising::TriangularLattice::findDistance' via dominance
  c:\github\surf\isingsimulation\isingcore\lattices.h(166): note: see declaration of 'ising::TriangularLattice::findDistance'
  isingsimulation.cpp
c:\github\surf\isingsimulation\isingcore\lattices.h(48): warning C4100: 'j': unreferenced formal parameter
c:\github\surf\isingsimulation\isingcore\lattices.h(48): warning C4100: 'i': unreferenced formal parameter
c:\github\surf\isingsimulation\isingcore\lattices.h(127): warning C4250: 'ising::RectangularLatticeFast': inherits 'ising::RectangularLattice::ising::RectangularLattice::findDistance' via dominance
  c:\github\surf\isingsimulation\isingcore\lattices.h(108): note: see declaration of 'ising::RectangularLattice::findDistance'
c:\github\surf\isingsimulation\isingcore\lattices.h(152): warning C4250: 'ising::SquareLatticeFast': inherits 'ising::RectangularLattice::ising::RectangularLattice::findDistance' via dominance
  c:\github\surf\isingsimulation\isingcore\lattices.h(108): note: see declaration of 'ising::RectangularLattice::findDistance'
c:\github\surf\isingsimulation\isingcore\lattices.h(185): warning C4250: 'ising::TriangularLatticeFast': inherits 'ising::TriangularLattice::ising::TriangularLattice::findDistance' via dominance
  c:\github\surf\isingsimulation\isingcore\lattices.h(166): note: see declaration of 'ising::TriangularLattice::findDistance'
c:\github\surf\isingsimulation\isingcore\lattices.h(212): warning C4250: 'ising::STriangularLatticeFast': inherits 'ising::TriangularLattice::ising::TriangularLattice::findDistance' via dominance
  c:\github\surf\isingsimulation\isingcore\lattices.h(166): note: see declaration of 'ising::TriangularLattice::findDistance'
  lattices.cpp
c:\github\surf\isingsimulation\isingcore\lattices.h(48): warning C4100: 'j': unreferenced formal parameter
c:\github\surf\isingsimulation\isingcore\lattices.h(48): warning C4100: 'i': unreferenced formal parameter
c:\github\surf\isingsimulation\isingcore\lattices.h(127): warning C4250: 'ising::RectangularLatticeFast': inherits 'ising::RectangularLattice::ising::RectangularLattice::findDistance' via dominance
  c:\github\surf\isingsimulation\isingcore\lattices.h(108): note: see declaration of 'ising::RectangularLattice::findDistance'
c:\github\surf\isingsimulation\isingcore\lattices.h(152): warning C4250: 'ising::SquareLatticeFast': inherits 'ising::RectangularLattice::ising::RectangularLattice::findDistance' via dominance
  c:\github\surf\isingsimulation\isingcore\lattices.h(108): note: see declaration of 'ising::RectangularLattice::findDistance'
c:\github\surf\isingsimulation\isingcore\lattices.h(185): warning C4250: 'ising::TriangularLatticeFast': inherits 'ising::TriangularLattice::ising::TriangularLattice::findDistance' via dominance
  c:\github\surf\isingsimulation\isingcore\lattices.h(166): note: see declaration of 'ising::TriangularLattice::findDistance'
c:\github\surf\isingsimulation\isingcore\lattices.h(212): warning C4250: 'ising::STriangularLatticeFast': inherits 'ising::TriangularLattice::ising::TriangularLattice::findDistance' via dominance
  c:\github\surf\isingsimulation\isingcore\lattices.h(166): note: see declaration of 'ising::TriangularLattice::findDistance'
..\lattices.cpp(25): warning C4458: declaration of 'distances' hides class member
  c:\github\surf\isingsimulation\isingcore\lattices.h(42): note: see declaration of 'ising::Lattice::distances'
..\lattices.cpp(38): error C2084: function 'std::map<int,std::map<int,double,std::less<int>,std::allocator<std::pair<const _Kty,_Ty>>>,std::less<int>,std::allocator<std::pair<const _Kty,std::map<_Kty,_Ty,std::less<int>,std::allocator<std::pair<const _Kty,_Ty>>>>>> ising::Lattice::generateDistances(void)' already has a body
          with
          [
              _Kty=int,
              _Ty=double
          ]
  c:\github\surf\isingsimulation\isingcore\lattices.h(47): note: see previous definition of 'generateDistances'
  simulatedlattice.cpp
c:\github\surf\isingsimulation\isingcore\lattices.h(48): warning C4100: 'j': unreferenced formal parameter
c:\github\surf\isingsimulation\isingcore\lattices.h(48): warning C4100: 'i': unreferenced formal parameter
c:\github\surf\isingsimulation\isingcore\lattices.h(127): warning C4250: 'ising::RectangularLatticeFast': inherits 'ising::RectangularLattice::ising::RectangularLattice::findDistance' via dominance
  c:\github\surf\isingsimulation\isingcore\lattices.h(108): note: see declaration of 'ising::RectangularLattice::findDistance'
c:\github\surf\isingsimulation\isingcore\lattices.h(152): warning C4250: 'ising::SquareLatticeFast': inherits 'ising::RectangularLattice::ising::RectangularLattice::findDistance' via dominance
  c:\github\surf\isingsimulation\isingcore\lattices.h(108): note: see declaration of 'ising::RectangularLattice::findDistance'
c:\github\surf\isingsimulation\isingcore\lattices.h(185): warning C4250: 'ising::TriangularLatticeFast': inherits 'ising::TriangularLattice::ising::TriangularLattice::findDistance' via dominance
  c:\github\surf\isingsimulation\isingcore\lattices.h(166): note: see declaration of 'ising::TriangularLattice::findDistance'
c:\github\surf\isingsimulation\isingcore\lattices.h(212): warning C4250: 'ising::STriangularLatticeFast': inherits 'ising::TriangularLattice::ising::TriangularLattice::findDistance' via dominance
  c:\github\surf\isingsimulation\isingcore\lattices.h(166): note: see declaration of 'ising::TriangularLattice::findDistance'
